My project/Library/Bee/Android/Prj/Mono2x/Gradle/unityLibrary/build/intermediates/manifest_merge_blame_file/release/manifest-merger-blame-release-report.txt
1<?xml version="1.0" encoding="utf-8"?>
2<manifest xmlns:android="http://schemas.android.com/apk/res/android"
3    xmlns:tools="http://schemas.android.com/tools"
4    package="com.unity3d.player"
5    android:installLocation="auto"
6    android:versionCode="1"
7    android:versionName="0.1" >
8
9    <uses-sdk
10        android:minSdkVersion="23"
10-->src\main\AndroidManifest.xml
11        android:targetSdkVersion="30" />
11-->src\main\AndroidManifest.xml
12
13    <uses-feature android:glEsVersion="0x00030000" />
13-->src\main\AndroidManifest.xml:25:3-52
13-->src\main\AndroidManifest.xml:25:17-49
14    <uses-feature
14-->src\main\AndroidManifest.xml:26:3-91
15        android:name="android.hardware.vulkan.version"
15-->src\main\AndroidManifest.xml:26:17-63
16        android:required="false" />
16-->src\main\AndroidManifest.xml:26:64-88
17
18    <supports-gl-texture android:name="GL_KHR_texture_compression_astc_ldr" />
18-->src\main\AndroidManifest.xml:27:3-77
18-->src\main\AndroidManifest.xml:27:24-74
19
20    <uses-permission android:name="android.permission.INTERNET" />
20-->src\main\AndroidManifest.xml:28:3-65
20-->src\main\AndroidManifest.xml:28:20-62
21    <uses-permission android:name="android.permission.ACCESS_NETWORK_STATE" />
21-->src\main\AndroidManifest.xml:29:3-77
21-->src\main\AndroidManifest.xml:29:20-74
22
23    <uses-feature
23-->src\main\AndroidManifest.xml:30:3-88
24        android:name="android.hardware.touchscreen"
24-->src\main\AndroidManifest.xml:30:17-60
25        android:required="false" />
25-->src\main\AndroidManifest.xml:30:61-85
26    <uses-feature
26-->src\main\AndroidManifest.xml:31:3-99
27        android:name="android.hardware.touchscreen.multitouch"
27-->src\main\AndroidManifest.xml:31:17-71
28        android:required="false" />
28-->src\main\AndroidManifest.xml:31:72-96
29    <uses-feature
29-->src\main\AndroidManifest.xml:32:3-108
30        android:name="android.hardware.touchscreen.multitouch.distinct"
30-->src\main\AndroidManifest.xml:32:17-80
31        android:required="false" />
31-->src\main\AndroidManifest.xml:32:81-105
32    <uses-feature
32-->src\main\AndroidManifest.xml:33:3-111
33        android:name="android.hardware.vr.headtracking"
33-->src\main\AndroidManifest.xml:33:17-64
34        android:required="true"
34-->src\main\AndroidManifest.xml:33:65-88
35        android:version="1" />
35-->src\main\AndroidManifest.xml:33:89-108
36
37    <application android:extractNativeLibs="true" >
37-->src\main\AndroidManifest.xml:3:3-24:17
37-->src\main\AndroidManifest.xml:3:16-48
38        <activity
38-->src\main\AndroidManifest.xml:4:5-13:16
39            android:name="com.unity3d.player.UnityPlayerActivity"
39-->src\main\AndroidManifest.xml:4:15-68
40            android:configChanges="keyboard|keyboardHidden|navigation|orientation|screenLayout|screenSize|uiMode"
40-->src\main\AndroidManifest.xml:4:204-305
41            android:hardwareAccelerated="false"
41-->src\main\AndroidManifest.xml:4:341-376
42            android:launchMode="singleTask"
42-->src\main\AndroidManifest.xml:4:172-203
43            android:resizeableActivity="false"
43-->src\main\AndroidManifest.xml:4:306-340
44            android:screenOrientation="landscape"
44-->src\main\AndroidManifest.xml:4:134-171
45            android:theme="@android:style/Theme.Black.NoTitleBar.Fullscreen" >
45-->src\main\AndroidManifest.xml:4:69-133
46            <intent-filter>
46-->src\main\AndroidManifest.xml:5:7-9:23
47                <action android:name="android.intent.action.MAIN" />
47-->src\main\AndroidManifest.xml:6:9-61
47-->src\main\AndroidManifest.xml:6:17-58
48
49                <category android:name="android.intent.category.LAUNCHER" />
49-->src\main\AndroidManifest.xml:7:9-69
49-->src\main\AndroidManifest.xml:7:19-66
50                <category android:name="com.oculus.intent.category.VR" />
50-->src\main\AndroidManifest.xml:8:9-66
50-->src\main\AndroidManifest.xml:8:19-63
51            </intent-filter>
52
53            <meta-data
53-->src\main\AndroidManifest.xml:10:7-82
54                android:name="unityplayer.UnityActivity"
54-->src\main\AndroidManifest.xml:10:18-58
55                android:value="true" />
55-->src\main\AndroidManifest.xml:10:59-79
56            <meta-data
56-->src\main\AndroidManifest.xml:11:7-78
57                android:name="android.notch_support"
57-->src\main\AndroidManifest.xml:11:18-54
58                android:value="true" />
58-->src\main\AndroidManifest.xml:11:55-75
59            <meta-data
59-->src\main\AndroidManifest.xml:12:7-81
60                android:name="com.oculus.vr.focusaware"
60-->src\main\AndroidManifest.xml:12:18-57
61                android:value="true" />
61-->src\main\AndroidManifest.xml:12:58-78
62        </activity>
63
64        <meta-data
64-->src\main\AndroidManifest.xml:14:5-69
65            android:name="unity.splash-mode"
65-->src\main\AndroidManifest.xml:14:16-48
66            android:value="0" />
66-->src\main\AndroidManifest.xml:14:49-66
67        <meta-data
67-->src\main\AndroidManifest.xml:15:5-74
68            android:name="unity.splash-enable"
68-->src\main\AndroidManifest.xml:15:16-50
69            android:value="True" />
69-->src\main\AndroidManifest.xml:15:51-71
70        <meta-data
70-->src\main\AndroidManifest.xml:16:5-78
71            android:name="unity.launch-fullscreen"
71-->src\main\AndroidManifest.xml:16:16-54
72            android:value="True" />
72-->src\main\AndroidManifest.xml:16:55-75
73        <meta-data
73-->src\main\AndroidManifest.xml:17:5-84
74            android:name="unity.allow-resizable-window"
74-->src\main\AndroidManifest.xml:17:16-59
75            android:value="False" />
75-->src\main\AndroidManifest.xml:17:60-81
76        <meta-data
76-->src\main\AndroidManifest.xml:18:5-81
77            android:name="notch.config"
77-->src\main\AndroidManifest.xml:18:16-43
78            android:value="portrait|landscape" />
78-->src\main\AndroidManifest.xml:18:44-78
79        <meta-data
79-->src\main\AndroidManifest.xml:19:5-97
80            android:name="com.samsung.android.vr.application.mode"
80-->src\main\AndroidManifest.xml:19:16-70
81            android:value="vr_only" />
81-->src\main\AndroidManifest.xml:19:71-94
82        <meta-data
82-->src\main\AndroidManifest.xml:20:5-91
83            android:name="com.unity.xr.oculus.LowOverheadMode"
83-->src\main\AndroidManifest.xml:20:16-66
84            android:value="false" />
84-->src\main\AndroidManifest.xml:20:67-88
85        <meta-data
85-->src\main\AndroidManifest.xml:21:5-88
86            android:name="com.unity.xr.oculus.LateLatching"
86-->src\main\AndroidManifest.xml:21:16-63
87            android:value="false" />
87-->src\main\AndroidManifest.xml:21:64-85
88        <meta-data
88-->src\main\AndroidManifest.xml:22:5-93
89            android:name="com.unity.xr.oculus.LateLatchingDebug"
89-->src\main\AndroidManifest.xml:22:16-68
90            android:value="false" />
90-->src\main\AndroidManifest.xml:22:69-90
91        <meta-data
91-->src\main\AndroidManifest.xml:23:5-84
92            android:name="com.oculus.supportedDevices"
92-->src\main\AndroidManifest.xml:23:16-58
93            android:value="quest2" />
93-->src\main\AndroidManifest.xml:23:59-81
94    </application>
95
96</manifest>